<?xml version="1.0" encoding="UTF-8"?>
<!-- Generated by org.testng.reporters.JUnitXMLReporter -->
<testsuite ignored="15" hostname="Ameet" failures="0" tests="1" name="Default test" time="21.293" errors="0" timestamp="2025-01-29T19:53:29 IST">
  <testcase classname="testcases.RestAssured_TestCases_PL2" name="getIncentiveSummaryTest" time="21.138"/>
  <testcase classname="testcases.RestAssured_TestCases_PL2" name="inventorySubCategoryTest" time="0.0">
    <ignored/>
  </testcase> <!-- inventorySubCategoryTest -->
  <testcase classname="testcases.RestAssured_TestCases_PL2" name="getIncentiveReffSummaryTest" time="0.0">
    <ignored/>
  </testcase> <!-- getIncentiveReffSummaryTest -->
  <testcase classname="testcases.RestAssured_TestCases_PL2" name="activateInventoryTest" time="0.0">
    <ignored/>
  </testcase> <!-- activateInventoryTest -->
  <testcase classname="testcases.RestAssured_TestCases_PL2" name="getAllDepartmentsTest" time="0.0">
    <ignored/>
  </testcase> <!-- getAllDepartmentsTest -->
  <testcase classname="testcases.RestAssured_TestCases_PL2" name="availableItemsTest" time="0.0">
    <ignored/>
  </testcase> <!-- availableItemsTest -->
  <testcase classname="testcases.RestAssured_TestCases_PL2" name="getHospitalIncomeIncReportTest" time="0.0">
    <ignored/>
  </testcase> <!-- getHospitalIncomeIncReportTest -->
  <testcase classname="testcases.RestAssured_TestCases_PL2" name="getIncenEmpBillItemsTest" time="0.0">
    <ignored/>
  </testcase> <!-- getIncenEmpBillItemsTest -->
  <testcase classname="testcases.RestAssured_TestCases_PL2" name="validatePatientBillingContextByPatientIdTest" time="0.0">
    <ignored/>
  </testcase> <!-- validatePatientBillingContextByPatientIdTest -->
  <testcase classname="testcases.RestAssured_TestCases_PL2" name="validateReferrersFromEmployeeSettingsTest" time="0.0">
    <ignored/>
  </testcase> <!-- validateReferrersFromEmployeeSettingsTest -->
  <testcase classname="testcases.RestAssured_TestCases_PL2" name="validateLabBillCfgItemsByDepartmentNameTest" time="0.0">
    <ignored/>
  </testcase> <!-- validateLabBillCfgItemsByDepartmentNameTest -->
  <testcase classname="testcases.RestAssured_TestCases_PL2" name="validateAdmittedPatientsData" time="0.0">
    <ignored/>
  </testcase> <!-- validateAdmittedPatientsData -->
  <testcase classname="testcases.RestAssured_TestCases_PL2" name="getAllItemsTest" time="0.0">
    <ignored/>
  </testcase> <!-- getAllItemsTest -->
  <testcase classname="testcases.RestAssured_TestCases_PL2" name="validatePatientNotes" time="0.0">
    <ignored/>
  </testcase> <!-- validatePatientNotes -->
  <testcase classname="testcases.RestAssured_TestCases_PL2" name="getInventoryFiscalYearsTest" time="0.0">
    <ignored/>
  </testcase> <!-- getInventoryFiscalYearsTest -->
  <testcase classname="testcases.RestAssured_TestCases_PL2" name="validatePatientCurrentVisitContextByPatientIdAndVisitIdTest" time="0.0">
    <ignored/>
  </testcase> <!-- validatePatientCurrentVisitContextByPatientIdAndVisitIdTest -->
</testsuite> <!-- Default test -->
